<?xml version="1.0" encoding="UTF-8"?>
<!-- Generated by org.testng.reporters.JUnitReportReporter -->
<testsuite hostname="DESKTOP-CABRFRT" failures="0" tests="6" name="com.televate.qa.testcases.LoginPageTest" time="2.414" errors="0" timestamp="30 Jun 2024 10:25:54 GMT" skipped="0">
  <testcase classname="com.televate.qa.testcases.LoginPageTest" name="loginPageTitleTest" time="0.036"/>
  <testcase classname="com.televate.qa.testcases.LoginPageTest" name="TelvatelogoTest" time="0.175"/>
  <testcase classname="com.televate.qa.testcases.LoginPageTest" name="ForgotPasswordTest" time="0.048"/>
  <testcase classname="com.televate.qa.testcases.LoginPageTest" name="ORTextTest" time="0.036"/>
  <testcase classname="com.televate.qa.testcases.LoginPageTest" name="SSOLoginTest" time="0.041"/>
  <testcase classname="com.televate.qa.testcases.LoginPageTest" name="loginTest" time="2.078"/>
</testsuite> <!-- com.televate.qa.testcases.LoginPageTest -->
