<?xml version="1.0" encoding="UTF-8"?>
<!-- Generated by org.testng.reporters.JUnitReportReporter -->
<testsuite hostname="DESKTOP-CABRFRT" failures="0" tests="5" name="com.televate.qa.testcases.DashboardPageTest" time="7.959" errors="0" timestamp="30 Jun 2024 10:25:54 GMT" skipped="0">
  <testcase classname="com.televate.qa.testcases.DashboardPageTest" name="DashboardPageTitleTest" time="0.013"/>
  <testcase classname="com.televate.qa.testcases.DashboardPageTest" name="DashboardUpcomingTileTest" time="7.858"/>
  <testcase classname="com.televate.qa.testcases.DashboardPageTest" name="DashboardDocumentedTileTest" time="0.022"/>
  <testcase classname="com.televate.qa.testcases.DashboardPageTest" name="DashboardMissedTileTest" time="0.044"/>
  <testcase classname="com.televate.qa.testcases.DashboardPageTest" name="DashboardUndocumentedTileTest" time="0.022"/>
</testsuite> <!-- com.televate.qa.testcases.DashboardPageTest -->
